\BOOKMARK [1][-]{section.1}{Implementation of integer numbers by target-language integers}{}% 1
\BOOKMARK [1][-]{section.2}{Avoidance of pattern matching on natural numbers}{}% 2
\BOOKMARK [2][-]{subsection.2.1}{Case analysis}{section.2}% 3
\BOOKMARK [2][-]{subsection.2.2}{Preprocessors}{section.2}% 4
\BOOKMARK [1][-]{section.3}{Implementation of natural numbers by target-language integers}{}% 5
\BOOKMARK [2][-]{subsection.3.1}{Implementation for 42 1000 63 1000 33 1000 58 1000 59 1000 44 1000 nat}{section.3}% 6
\BOOKMARK [1][-]{section.4}{Implementation of natural and integer numbers by target-language integers}{}% 7
\BOOKMARK [1][-]{section.5}{The Simpl Syntax}{}% 8
\BOOKMARK [2][-]{subsection.5.1}{The Core Language}{section.5}% 9
\BOOKMARK [2][-]{subsection.5.2}{Derived Language Constructs}{section.5}% 10
\BOOKMARK [2][-]{subsection.5.3}{Operations on Simpl-Syntax}{section.5}% 11
\BOOKMARK [3][-]{subsubsection.5.3.1}{Normalisation of Sequential Composition: 42 1000 63 1000 33 1000 58 1000 59 1000 44 1000 sequence, 42 1000 63 1000 33 1000 58 1000 59 1000 44 1000 flatten and 42 1000 63 1000 33 1000 58 1000 59 1000 44 1000 normalize}{subsection.5.3}% 12
\BOOKMARK [3][-]{subsubsection.5.3.2}{Stripping Guards: 42 1000 63 1000 33 1000 58 1000 59 1000 44 1000 strip-guards}{subsection.5.3}% 13
\BOOKMARK [3][-]{subsubsection.5.3.3}{Marking Guards: 42 1000 63 1000 33 1000 58 1000 59 1000 44 1000 mark-guards}{subsection.5.3}% 14
\BOOKMARK [3][-]{subsubsection.5.3.4}{Merging Guards: 42 1000 63 1000 33 1000 58 1000 59 1000 44 1000 merge-guards}{subsection.5.3}% 15
\BOOKMARK [3][-]{subsubsection.5.3.5}{Intersecting Guards: 42 1000 63 1000 33 1000 58 1000 59 1000 44 1000 c1 g c2}{subsection.5.3}% 16
\BOOKMARK [3][-]{subsubsection.5.3.6}{Subset on Guards: 42 1000 63 1000 33 1000 58 1000 59 1000 44 1000 c1 g c2}{subsection.5.3}% 17
\BOOKMARK [1][-]{section.6}{Big-Step Semantics for Simpl}{}% 18
\BOOKMARK [2][-]{subsection.6.1}{Big-Step Execution: 42 1000 63 1000 33 1000 58 1000 59 1000 44 1000 "426830A c, s"526930B \040 t}{section.6}% 19
\BOOKMARK [2][-]{subsection.6.2}{Big-Step Execution with Recursion Limit: 42 1000 63 1000 33 1000 58 1000 59 1000 44 1000 "426830A c, s"526930B \040=n t}{section.6}% 20
\BOOKMARK [2][-]{subsection.6.3}{Lemmas about 42 1000 63 1000 33 1000 58 1000 59 1000 44 1000 sequence, 42 1000 63 1000 33 1000 58 1000 59 1000 44 1000 flatten and 42 1000 63 1000 33 1000 58 1000 59 1000 44 1000 Language.normalize}{section.6}% 21
\BOOKMARK [2][-]{subsection.6.4}{Lemmas about 42 1000 63 1000 33 1000 58 1000 59 1000 44 1000 c1 g c2}{section.6}% 22
\BOOKMARK [2][-]{subsection.6.5}{Lemmas about 42 1000 63 1000 33 1000 58 1000 59 1000 44 1000 merge-guards}{section.6}% 23
\BOOKMARK [2][-]{subsection.6.6}{Lemmas about 42 1000 63 1000 33 1000 58 1000 59 1000 44 1000 mark-guards}{section.6}% 24
\BOOKMARK [2][-]{subsection.6.7}{Lemmas about 42 1000 63 1000 33 1000 58 1000 59 1000 44 1000 strip-guards}{section.6}% 25
\BOOKMARK [2][-]{subsection.6.8}{Lemmas about 42 1000 63 1000 33 1000 58 1000 59 1000 44 1000 c1 g c2}{section.6}% 26
\BOOKMARK [2][-]{subsection.6.9}{Restriction of Procedure Environment}{section.6}% 27
\BOOKMARK [2][-]{subsection.6.10}{Miscellaneous}{section.6}% 28
\BOOKMARK [1][-]{section.7}{Hoare Logic for Partial Correctness}{}% 29
\BOOKMARK [2][-]{subsection.7.1}{Validity of Hoare Tuples: 42 1000 63 1000 33 1000 58 1000 59 1000 44 1000 ,|-3mu=42 1000 63 1000 33 1000 58 1000 59 1000 44 1000 /F P c Q,A}{section.7}% 30
\BOOKMARK [2][-]{subsection.7.2}{Properties of Validity}{section.7}% 31
\BOOKMARK [2][-]{subsection.7.3}{The Hoare Rules: 42 1000 63 1000 33 1000 58 1000 59 1000 44 1000 ,42 1000 63 1000 33 1000 58 1000 59 1000 44 1000 /F P c Q,A}{section.7}% 32
\BOOKMARK [2][-]{subsection.7.4}{Some Derived Rules}{section.7}% 33
\BOOKMARK [1][-]{section.8}{Properties of Partial Correctness Hoare Logic}{}% 34
\BOOKMARK [2][-]{subsection.8.1}{Soundness}{section.8}% 35
\BOOKMARK [2][-]{subsection.8.2}{Completeness}{section.8}% 36
\BOOKMARK [2][-]{subsection.8.3}{And Now: Some Useful Rules}{section.8}% 37
\BOOKMARK [3][-]{subsubsection.8.3.1}{Consequence}{subsection.8.3}% 38
\BOOKMARK [3][-]{subsubsection.8.3.2}{Modify Return}{subsection.8.3}% 39
\BOOKMARK [3][-]{subsubsection.8.3.3}{DynCall}{subsection.8.3}% 40
\BOOKMARK [3][-]{subsubsection.8.3.4}{Conjunction of Postcondition}{subsection.8.3}% 41
\BOOKMARK [3][-]{subsubsection.8.3.5}{Weaken Context}{subsection.8.3}% 42
\BOOKMARK [3][-]{subsubsection.8.3.6}{Guards and Guarantees}{subsection.8.3}% 43
\BOOKMARK [3][-]{subsubsection.8.3.7}{Restricting the Procedure Environment}{subsection.8.3}% 44
\BOOKMARK [1][-]{section.9}{Derived Hoare Rules for Partial Correctness}{}% 45
\BOOKMARK [2][-]{subsection.9.1}{Rules for Single-Step Proof }{section.9}% 46
\BOOKMARK [1][-]{section.10}{Terminating Programs}{}% 47
\BOOKMARK [2][-]{subsection.10.1}{Inductive Characterisation: 42 1000 63 1000 33 1000 58 1000 59 1000 44 1000 c"3223379 s}{section.10}% 48
\BOOKMARK [2][-]{subsection.10.2}{Lemmas about 42 1000 63 1000 33 1000 58 1000 59 1000 44 1000 sequence, 42 1000 63 1000 33 1000 58 1000 59 1000 44 1000 flatten and 42 1000 63 1000 33 1000 58 1000 59 1000 44 1000 Language.normalize}{section.10}% 49
\BOOKMARK [2][-]{subsection.10.3}{Lemmas about 42 1000 63 1000 33 1000 58 1000 59 1000 44 1000 strip-guards}{section.10}% 50
\BOOKMARK [2][-]{subsection.10.4}{Lemmas about 42 1000 63 1000 33 1000 58 1000 59 1000 44 1000 c1 g c2}{section.10}% 51
\BOOKMARK [2][-]{subsection.10.5}{Lemmas about 42 1000 63 1000 33 1000 58 1000 59 1000 44 1000 mark-guards}{section.10}% 52
\BOOKMARK [2][-]{subsection.10.6}{Lemmas about 42 1000 63 1000 33 1000 58 1000 59 1000 44 1000 merge-guards}{section.10}% 53
\BOOKMARK [2][-]{subsection.10.7}{Lemmas about 42 1000 63 1000 33 1000 58 1000 59 1000 44 1000 c1 g c2}{section.10}% 54
\BOOKMARK [2][-]{subsection.10.8}{Lemmas about 42 1000 63 1000 33 1000 58 1000 59 1000 44 1000 strip-guards}{section.10}% 55
\BOOKMARK [2][-]{subsection.10.9}{Miscellaneous}{section.10}% 56
\BOOKMARK [1][-]{section.11}{Small-Step Semantics and Infinite Computations}{}% 57
\BOOKMARK [2][-]{subsection.11.1}{Small-Step Computation: 42 1000 63 1000 33 1000 58 1000 59 1000 44 1000 \(c, s\) \040\(c2mu'-2mu, s2mu'-2mu\)}{section.11}% 58
\BOOKMARK [2][-]{subsection.11.2}{Structural Properties of Small Step Computations}{section.11}% 59
\BOOKMARK [2][-]{subsection.11.3}{Equivalence between Small-Step and Big-Step Semantics}{section.11}% 60
\BOOKMARK [2][-]{subsection.11.4}{Infinite Computations: 42 1000 63 1000 33 1000 58 1000 59 1000 44 1000 \(c, s\) \040\203\(\)}{section.11}% 61
\BOOKMARK [2][-]{subsection.11.5}{Equivalence between Termination and the Absence of Infinite Computations}{section.11}% 62
\BOOKMARK [2][-]{subsection.11.6}{Generalised Redexes}{section.11}% 63
\BOOKMARK [1][-]{section.12}{Hoare Logic for Total Correctness}{}% 64
\BOOKMARK [2][-]{subsection.12.1}{Validity of Hoare Tuples: 42 1000 63 1000 33 1000 58 1000 59 1000 44 1000 |-3mu=t42 1000 63 1000 33 1000 58 1000 59 1000 44 1000 /F P c Q,A}{section.12}% 65
\BOOKMARK [2][-]{subsection.12.2}{Properties of Validity}{section.12}% 66
\BOOKMARK [2][-]{subsection.12.3}{The Hoare Rules: 42 1000 63 1000 33 1000 58 1000 59 1000 44 1000 ,t42 1000 63 1000 33 1000 58 1000 59 1000 44 1000 /F P c Q,A}{section.12}% 67
\BOOKMARK [2][-]{subsection.12.4}{Some Derived Rules}{section.12}% 68
\BOOKMARK [1][-]{section.13}{Properties of Total Correctness Hoare Logic}{}% 69
\BOOKMARK [2][-]{subsection.13.1}{Soundness}{section.13}% 70
\BOOKMARK [2][-]{subsection.13.2}{Completeness}{section.13}% 71
\BOOKMARK [2][-]{subsection.13.3}{And Now: Some Useful Rules}{section.13}% 72
\BOOKMARK [3][-]{subsubsection.13.3.1}{Modify Return}{subsection.13.3}% 73
\BOOKMARK [3][-]{subsubsection.13.3.2}{DynCall}{subsection.13.3}% 74
\BOOKMARK [3][-]{subsubsection.13.3.3}{Conjunction of Postcondition}{subsection.13.3}% 75
\BOOKMARK [3][-]{subsubsection.13.3.4}{Guards and Guarantees}{subsection.13.3}% 76
\BOOKMARK [3][-]{subsubsection.13.3.5}{Restricting the Procedure Environment}{subsection.13.3}% 77
\BOOKMARK [3][-]{subsubsection.13.3.6}{Miscellaneous}{subsection.13.3}% 78
\BOOKMARK [1][-]{section.14}{Derived Hoare Rules for Total Correctness}{}% 79
\BOOKMARK [2][-]{subsubsection.14.0.1}{Rules for Single-Step Proof }{section.14}% 80
\BOOKMARK [1][-]{section.15}{Auxiliary Definitions/Lemmas to Facilitate Hoare Logic}{}% 81
\BOOKMARK [1][-]{section.16}{State Space Template}{}% 82
\BOOKMARK [1][-]{section.17}{Facilitating the Hoare Logic}{}% 83
\BOOKMARK [2][-]{subsection.17.1}{Some Fancy Syntax}{section.17}% 84
